d:\work\local_repositories\rtklib_demo5_vs2022_project\rtklib_demo5_vs2022_project\x64\debug\vc143.pdb
d:\work\local_repositories\rtklib_demo5_vs2022_project\rtklib_demo5_vs2022_project\x64\debug\vc143.idb
d:\work\local_repositories\rtklib_demo5_vs2022_project\rtklib_demo5_vs2022_project\x64\debug\comnav.obj
d:\work\local_repositories\rtklib_demo5_vs2022_project\rtklib_demo5_vs2022_project\x64\debug\binex.obj
d:\work\local_repositories\rtklib_demo5_vs2022_project\rtklib_demo5_vs2022_project\x64\debug\rcvraw.obj
d:\work\local_repositories\rtklib_demo5_vs2022_project\rtklib_demo5_vs2022_project\x64\debug\preceph.obj
d:\work\local_repositories\rtklib_demo5_vs2022_project\rtklib_demo5_vs2022_project\x64\debug\ppp_ar.obj
d:\work\local_repositories\rtklib_demo5_vs2022_project\rtklib_demo5_vs2022_project\x64\debug\ppp.obj
d:\work\local_repositories\rtklib_demo5_vs2022_project\rtklib_demo5_vs2022_project\x64\debug\postpos.obj
d:\work\local_repositories\rtklib_demo5_vs2022_project\rtklib_demo5_vs2022_project\x64\debug\pntpos.obj
d:\work\local_repositories\rtklib_demo5_vs2022_project\rtklib_demo5_vs2022_project\x64\debug\options.obj
d:\work\local_repositories\rtklib_demo5_vs2022_project\rtklib_demo5_vs2022_project\x64\debug\main.obj
d:\work\local_repositories\rtklib_demo5_vs2022_project\rtklib_demo5_vs2022_project\x64\debug\lambda.obj
d:\work\local_repositories\rtklib_demo5_vs2022_project\rtklib_demo5_vs2022_project\x64\debug\ionex.obj
d:\work\local_repositories\rtklib_demo5_vs2022_project\rtklib_demo5_vs2022_project\x64\debug\gis.obj
d:\work\local_repositories\rtklib_demo5_vs2022_project\rtklib_demo5_vs2022_project\x64\debug\geoid.obj
d:\work\local_repositories\rtklib_demo5_vs2022_project\rtklib_demo5_vs2022_project\x64\debug\ephemeris.obj
d:\work\local_repositories\rtklib_demo5_vs2022_project\rtklib_demo5_vs2022_project\x64\debug\download.obj
d:\work\local_repositories\rtklib_demo5_vs2022_project\rtklib_demo5_vs2022_project\x64\debug\datum.obj
d:\work\local_repositories\rtklib_demo5_vs2022_project\rtklib_demo5_vs2022_project\x64\debug\convrnx.obj
d:\work\local_repositories\rtklib_demo5_vs2022_project\rtklib_demo5_vs2022_project\x64\debug\convkml.obj
d:\work\local_repositories\rtklib_demo5_vs2022_project\rtklib_demo5_vs2022_project\x64\debug\convgpx.obj
d:\work\local_repositories\rtklib_demo5_vs2022_project\rtklib_demo5_vs2022_project\x64\debug\solution.obj
d:\work\local_repositories\rtklib_demo5_vs2022_project\rtklib_demo5_vs2022_project\x64\debug\sbas.obj
d:\work\local_repositories\rtklib_demo5_vs2022_project\rtklib_demo5_vs2022_project\x64\debug\rtksvr.obj
d:\work\local_repositories\rtklib_demo5_vs2022_project\rtklib_demo5_vs2022_project\x64\debug\rtkpos.obj
d:\work\local_repositories\rtklib_demo5_vs2022_project\rtklib_demo5_vs2022_project\x64\debug\rtkcmn.obj
d:\work\local_repositories\rtklib_demo5_vs2022_project\rtklib_demo5_vs2022_project\x64\debug\rtcm3e.obj
d:\work\local_repositories\rtklib_demo5_vs2022_project\rtklib_demo5_vs2022_project\x64\debug\rtcm3.obj
d:\work\local_repositories\rtklib_demo5_vs2022_project\rtklib_demo5_vs2022_project\x64\debug\rtcm2.obj
d:\work\local_repositories\rtklib_demo5_vs2022_project\rtklib_demo5_vs2022_project\x64\debug\rtcm.obj
d:\work\local_repositories\rtklib_demo5_vs2022_project\rtklib_demo5_vs2022_project\x64\debug\rinex.obj
d:\work\local_repositories\rtklib_demo5_vs2022_project\rtklib_demo5_vs2022_project\x64\debug\ublox.obj
d:\work\local_repositories\rtklib_demo5_vs2022_project\rtklib_demo5_vs2022_project\x64\debug\tersus.obj
d:\work\local_repositories\rtklib_demo5_vs2022_project\rtklib_demo5_vs2022_project\x64\debug\swiftnav.obj
d:\work\local_repositories\rtklib_demo5_vs2022_project\rtklib_demo5_vs2022_project\x64\debug\skytraq.obj
d:\work\local_repositories\rtklib_demo5_vs2022_project\rtklib_demo5_vs2022_project\x64\debug\septentrio.obj
d:\work\local_repositories\rtklib_demo5_vs2022_project\rtklib_demo5_vs2022_project\x64\debug\rt17.obj
d:\work\local_repositories\rtklib_demo5_vs2022_project\rtklib_demo5_vs2022_project\x64\debug\nvs.obj
d:\work\local_repositories\rtklib_demo5_vs2022_project\rtklib_demo5_vs2022_project\x64\debug\novatel.obj
d:\work\local_repositories\rtklib_demo5_vs2022_project\rtklib_demo5_vs2022_project\x64\debug\javad.obj
d:\work\local_repositories\rtklib_demo5_vs2022_project\rtklib_demo5_vs2022_project\x64\debug\crescent.obj
d:\work\local_repositories\rtklib_demo5_vs2022_project\rtklib_demo5_vs2022_project\x64\debug\tle.obj
d:\work\local_repositories\rtklib_demo5_vs2022_project\rtklib_demo5_vs2022_project\x64\debug\tides.obj
d:\work\local_repositories\rtklib_demo5_vs2022_project\rtklib_demo5_vs2022_project\x64\debug\streamsvr.obj
d:\work\local_repositories\rtklib_demo5_vs2022_project\rtklib_demo5_vs2022_project\x64\debug\stream.obj
d:\work\local_repositories\rtklib_demo5_vs2022_project\rtklib_demo5_vs2022_project\x64\debug\rtklib_demo5_vs2022_project.ilk
d:\work\local_repositories\rtklib_demo5_vs2022_project\x64\debug\rtklib_demo5_vs2022_project.exe
d:\work\local_repositories\rtklib_demo5_vs2022_project\x64\debug\rtklib_demo5_vs2022_project.pdb
d:\work\local_repositories\demo\rtklib_demo_vs2022_project\rtklib_demo5_vs2022_project\x64\debug\binex.obj
d:\work\local_repositories\demo\rtklib_demo_vs2022_project\rtklib_demo5_vs2022_project\x64\debug\comnav.obj
d:\work\local_repositories\demo\rtklib_demo_vs2022_project\rtklib_demo5_vs2022_project\x64\debug\convgpx.obj
d:\work\local_repositories\demo\rtklib_demo_vs2022_project\rtklib_demo5_vs2022_project\x64\debug\convkml.obj
d:\work\local_repositories\demo\rtklib_demo_vs2022_project\rtklib_demo5_vs2022_project\x64\debug\convrnx.obj
d:\work\local_repositories\demo\rtklib_demo_vs2022_project\rtklib_demo5_vs2022_project\x64\debug\crescent.obj
d:\work\local_repositories\demo\rtklib_demo_vs2022_project\rtklib_demo5_vs2022_project\x64\debug\datum.obj
d:\work\local_repositories\demo\rtklib_demo_vs2022_project\rtklib_demo5_vs2022_project\x64\debug\download.obj
d:\work\local_repositories\demo\rtklib_demo_vs2022_project\rtklib_demo5_vs2022_project\x64\debug\ephemeris.obj
d:\work\local_repositories\demo\rtklib_demo_vs2022_project\rtklib_demo5_vs2022_project\x64\debug\geoid.obj
d:\work\local_repositories\demo\rtklib_demo_vs2022_project\rtklib_demo5_vs2022_project\x64\debug\gis.obj
d:\work\local_repositories\demo\rtklib_demo_vs2022_project\rtklib_demo5_vs2022_project\x64\debug\ionex.obj
d:\work\local_repositories\demo\rtklib_demo_vs2022_project\rtklib_demo5_vs2022_project\x64\debug\javad.obj
d:\work\local_repositories\demo\rtklib_demo_vs2022_project\rtklib_demo5_vs2022_project\x64\debug\lambda.obj
d:\work\local_repositories\demo\rtklib_demo_vs2022_project\rtklib_demo5_vs2022_project\x64\debug\main.obj
d:\work\local_repositories\demo\rtklib_demo_vs2022_project\rtklib_demo5_vs2022_project\x64\debug\novatel.obj
d:\work\local_repositories\demo\rtklib_demo_vs2022_project\rtklib_demo5_vs2022_project\x64\debug\nvs.obj
d:\work\local_repositories\demo\rtklib_demo_vs2022_project\rtklib_demo5_vs2022_project\x64\debug\options.obj
d:\work\local_repositories\demo\rtklib_demo_vs2022_project\rtklib_demo5_vs2022_project\x64\debug\pntpos.obj
d:\work\local_repositories\demo\rtklib_demo_vs2022_project\rtklib_demo5_vs2022_project\x64\debug\postpos.obj
d:\work\local_repositories\demo\rtklib_demo_vs2022_project\rtklib_demo5_vs2022_project\x64\debug\ppp.obj
d:\work\local_repositories\demo\rtklib_demo_vs2022_project\rtklib_demo5_vs2022_project\x64\debug\ppp_ar.obj
d:\work\local_repositories\demo\rtklib_demo_vs2022_project\rtklib_demo5_vs2022_project\x64\debug\preceph.obj
d:\work\local_repositories\demo\rtklib_demo_vs2022_project\rtklib_demo5_vs2022_project\x64\debug\rcvraw.obj
d:\work\local_repositories\demo\rtklib_demo_vs2022_project\rtklib_demo5_vs2022_project\x64\debug\rinex.obj
d:\work\local_repositories\demo\rtklib_demo_vs2022_project\rtklib_demo5_vs2022_project\x64\debug\rt17.obj
d:\work\local_repositories\demo\rtklib_demo_vs2022_project\rtklib_demo5_vs2022_project\x64\debug\rtcm.obj
d:\work\local_repositories\demo\rtklib_demo_vs2022_project\rtklib_demo5_vs2022_project\x64\debug\rtcm2.obj
d:\work\local_repositories\demo\rtklib_demo_vs2022_project\rtklib_demo5_vs2022_project\x64\debug\rtcm3.obj
d:\work\local_repositories\demo\rtklib_demo_vs2022_project\rtklib_demo5_vs2022_project\x64\debug\rtcm3e.obj
d:\work\local_repositories\demo\rtklib_demo_vs2022_project\rtklib_demo5_vs2022_project\x64\debug\rtkcmn.obj
d:\work\local_repositories\demo\rtklib_demo_vs2022_project\rtklib_demo5_vs2022_project\x64\debug\rtkpos.obj
d:\work\local_repositories\demo\rtklib_demo_vs2022_project\rtklib_demo5_vs2022_project\x64\debug\rtksvr.obj
d:\work\local_repositories\demo\rtklib_demo_vs2022_project\rtklib_demo5_vs2022_project\x64\debug\sbas.obj
d:\work\local_repositories\demo\rtklib_demo_vs2022_project\rtklib_demo5_vs2022_project\x64\debug\septentrio.obj
d:\work\local_repositories\demo\rtklib_demo_vs2022_project\rtklib_demo5_vs2022_project\x64\debug\skytraq.obj
d:\work\local_repositories\demo\rtklib_demo_vs2022_project\rtklib_demo5_vs2022_project\x64\debug\solution.obj
d:\work\local_repositories\demo\rtklib_demo_vs2022_project\rtklib_demo5_vs2022_project\x64\debug\stream.obj
d:\work\local_repositories\demo\rtklib_demo_vs2022_project\rtklib_demo5_vs2022_project\x64\debug\streamsvr.obj
d:\work\local_repositories\demo\rtklib_demo_vs2022_project\rtklib_demo5_vs2022_project\x64\debug\swiftnav.obj
d:\work\local_repositories\demo\rtklib_demo_vs2022_project\rtklib_demo5_vs2022_project\x64\debug\tersus.obj
d:\work\local_repositories\demo\rtklib_demo_vs2022_project\rtklib_demo5_vs2022_project\x64\debug\tides.obj
d:\work\local_repositories\demo\rtklib_demo_vs2022_project\rtklib_demo5_vs2022_project\x64\debug\tle.obj
d:\work\local_repositories\demo\rtklib_demo_vs2022_project\rtklib_demo5_vs2022_project\x64\debug\ublox.obj
d:\work\local_repositories\demo\rtklib_demo_vs2022_project\rtklib_demo5_vs2022_project\x64\debug\rtklib_demo5_vs2022_project.ilk
d:\work\local_repositories\demo\rtklib_demo_vs2022_project\rtklib_demo5_vs2022_project\x64\debug\vc143.idb
d:\work\local_repositories\demo\rtklib_demo_vs2022_project\rtklib_demo5_vs2022_project\x64\debug\vc143.pdb
d:\work\local_repositories\demo\rtklib_demo_vs2022_project\x64\debug\rtklib_demo5_vs2022_project.pdb
d:\work\local_repositories\demo\rtklib_demo_vs2022_project\x64\debug\rtklib_demo5_vs2022_project.exe
d:\work\local_repositories\demo\rtklib_demo_vs2022_project\rtklib_demo5_vs2022_project\x64\debug\rtklib_d.eb98f1d9.tlog\cl.command.1.tlog
d:\work\local_repositories\demo\rtklib_demo_vs2022_project\rtklib_demo5_vs2022_project\x64\debug\rtklib_d.eb98f1d9.tlog\cl.read.1.tlog
d:\work\local_repositories\demo\rtklib_demo_vs2022_project\rtklib_demo5_vs2022_project\x64\debug\rtklib_d.eb98f1d9.tlog\cl.write.1.tlog
d:\work\local_repositories\demo\rtklib_demo_vs2022_project\rtklib_demo5_vs2022_project\x64\debug\rtklib_d.eb98f1d9.tlog\link.command.1.tlog
d:\work\local_repositories\demo\rtklib_demo_vs2022_project\rtklib_demo5_vs2022_project\x64\debug\rtklib_d.eb98f1d9.tlog\link.read.1.tlog
d:\work\local_repositories\demo\rtklib_demo_vs2022_project\rtklib_demo5_vs2022_project\x64\debug\rtklib_d.eb98f1d9.tlog\link.write.1.tlog
